<?xml version="1.0" encoding="UTF-8"?>
<!-- Generated by org.testng.reporters.JUnitReportReporter -->
<testsuite skipped="0" hostname="FLA1SPBK2Z" name="Tests.Demo" tests="1" failures="0" timestamp="02 abr 2018 20:10:25 GMT" time="37.547" errors="0">
  <testcase name="visitHomePage" time="37.547" classname="Tests.Demo"/>
</testsuite> <!-- Tests.Demo -->
